#
# There is insufficient memory for the Java Runtime Environment to continue.
# Native memory allocation (mmap) failed to map 532676608 bytes for G1 virtual space
# Possible reasons:
#   The system is out of physical RAM or swap space
#   The process is running with CompressedOops enabled, and the Java Heap may be blocking the growth of the native heap
# Possible solutions:
#   Reduce memory load on the system
#   Increase physical memory or swap space
#   Check if swap backing store is full
#   Decrease Java heap size (-Xmx/-Xms)
#   Decrease number of Java threads
#   Decrease Java thread stack sizes (-Xss)
#   Set larger code cache with -XX:ReservedCodeCacheSize=
#   JVM is running with Zero Based Compressed Oops mode in which the Java heap is
#     placed in the first 32GB address space. The Java Heap base address is the
#     maximum limit for the native heap growth. Please use -XX:HeapBaseMinAddress
#     to set the Java Heap base and to place the Java Heap above 32GB virtual address.
# This output file may be truncated or incomplete.
#
#  Out of Memory Error (os_windows.cpp:3469), pid=12692, tid=28404
#
# JRE version:  (17.0.1+12) (build )
# Java VM: OpenJDK 64-Bit Server VM (17.0.1+12-39, mixed mode, sharing, tiered, compressed oops, compressed class ptrs, g1 gc, windows-amd64)
# No core dump will be written. Minidumps are not enabled by default on client versions of Windows
#

---------------  S U M M A R Y ------------

Command Line: -javaagent:C:\Program Files\JetBrains\IntelliJ IDEA 2023.1.3\lib\idea_rt.jar=63198:C:\Program Files\JetBrains\IntelliJ IDEA 2023.1.3\bin -Dfile.encoding=UTF-8 com.example.leetcode.validparentheses.ValidParentheses

Host: 11th Gen Intel(R) Core(TM) i7-1165G7 @ 2.80GHz, 8 cores, 31G,  Windows 10 , 64 bit Build 19041 (10.0.19041.3031)
Time: Tue Aug  1 16:43:13 2023 SE Asia Standard Time elapsed time: 0.030802 seconds (0d 0h 0m 0s)

---------------  T H R E A D  ---------------

Current thread (0x0000020bc5d371b0):  JavaThread "Unknown thread" [_thread_in_vm, id=28404, stack(0x000000991f700000,0x000000991f800000)]

Stack: [0x000000991f700000,0x000000991f800000]
Native frames: (J=compiled Java code, j=interpreted, Vv=VM code, C=native code)
V  [jvm.dll+0x66fa1a]
V  [jvm.dll+0x7ce5a4]
V  [jvm.dll+0x7cfd4e]
V  [jvm.dll+0x7d03b3]
V  [jvm.dll+0x242b05]
V  [jvm.dll+0x66ca39]
V  [jvm.dll+0x661502]
V  [jvm.dll+0x30081b]
V  [jvm.dll+0x307da6]
V  [jvm.dll+0x357a1e]
V  [jvm.dll+0x357c4f]
V  [jvm.dll+0x2d7ad8]
V  [jvm.dll+0x2d8a44]
V  [jvm.dll+0x7a01e1]
V  [jvm.dll+0x365791]
V  [jvm.dll+0x77f6cc]
V  [jvm.dll+0x3e812f]
V  [jvm.dll+0x3e9bd1]
C  [jli.dll+0x527b]
C  [ucrtbase.dll+0x21bb2]
C  [KERNEL32.DLL+0x17614]
C  [ntdll.dll+0x526f1]


---------------  P R O C E S S  ---------------

Threads class SMR info:
_java_thread_list=0x00007ffd1a327818, length=0, elements={
}

Java Threads: ( => current thread )

Other Threads:
  0x0000020bc5daade0 GCTaskThread "GC Thread#0" [stack: 0x000000991f800000,0x000000991f900000] [id=10728]
  0x0000020bc5dbbab0 ConcurrentGCThread "G1 Main Marker" [stack: 0x000000991f900000,0x000000991fa00000] [id=25896]
  0x0000020bc5dbe040 ConcurrentGCThread "G1 Conc#0" [stack: 0x000000991fa00000,0x000000991fb00000] [id=7388]

[error occurred during error reporting (printing all threads), id 0xc0000005, EXCEPTION_ACCESS_VIOLATION (0xc0000005) at pc=0x00007ffd19b784b7]

VM state: not at safepoint (not fully initialized)

VM Mutex/Monitor currently owned by a thread:  ([mutex/lock_event])
[0x0000020bc5d34bc0] Heap_lock - owner thread: 0x0000020bc5d371b0

Heap address: 0x0000000604c00000, size: 8116 MB, Compressed Oops mode: Zero based, Oop shift amount: 3

CDS archive(s) mapped at: [0x0000000000000000-0x0000000000000000-0x0000000000000000), size 0, SharedBaseAddress: 0x0000000800000000, ArchiveRelocationMode: 0.
Narrow klass base: 0x0000000000000000, Narrow klass shift: 0, Narrow klass range: 0x0

GC Precious Log:
<Empty>

Heap:
 garbage-first heap   total 0K, used 0K [0x0000000604c00000, 0x0000000800000000)
  region size 4096K, 0 young (0K), 0 survivors (0K)

[error occurred during error reporting (printing heap information), id 0xc0000005, EXCEPTION_ACCESS_VIOLATION (0xc0000005) at pc=0x00007ffd19f58d89]

GC Heap History (0 events):
No events

Deoptimization events (0 events):
No events

Classes unloaded (0 events):
No events

Classes redefined (0 events):
No events

Internal exceptions (0 events):
No events

VM Operations (0 events):
No events

Events (1 events):
Event: 0.025 Loaded shared library C:\Users\hieu.vu4_onemount\.jdks\openjdk-17.0.1\bin\java.dll


Dynamic libraries:
0x00007ff6a83e0000 - 0x00007ff6a83ee000 	C:\Users\hieu.vu4_onemount\.jdks\openjdk-17.0.1\bin\java.exe
0x00007ffd7c010000 - 0x00007ffd7c208000 	C:\Windows\SYSTEM32\ntdll.dll
0x00007ffd7bf10000 - 0x00007ffd7bfcf000 	C:\Windows\System32\KERNEL32.DLL
0x00007ffd79cd0000 - 0x00007ffd79fc6000 	C:\Windows\System32\KERNELBASE.dll
0x00007ffd417d0000 - 0x00007ffd41c0e000 	C:\Windows\system32\ctiuser.dll
0x00007ffd79aa0000 - 0x00007ffd79ba0000 	C:\Windows\System32\ucrtbase.dll
0x00007ffd57940000 - 0x00007ffd57958000 	C:\Users\hieu.vu4_onemount\.jdks\openjdk-17.0.1\bin\jli.dll
0x00007ffd56040000 - 0x00007ffd5605a000 	C:\Users\hieu.vu4_onemount\.jdks\openjdk-17.0.1\bin\VCRUNTIME140.dll
0x00007ffd7a890000 - 0x00007ffd7aa2d000 	C:\Windows\System32\USER32.dll
0x00007ffd79fd0000 - 0x00007ffd79ff2000 	C:\Windows\System32\win32u.dll
0x00007ffd7b7e0000 - 0x00007ffd7b80c000 	C:\Windows\System32\GDI32.dll
0x00007ffd79740000 - 0x00007ffd79855000 	C:\Windows\System32\gdi32full.dll
0x00007ffd79c30000 - 0x00007ffd79ccd000 	C:\Windows\System32\msvcp_win.dll
0x00007ffd57d60000 - 0x00007ffd57ffa000 	C:\Windows\WinSxS\amd64_microsoft.windows.common-controls_6595b64144ccf1df_6.0.19041.1110_none_60b5254171f9507e\COMCTL32.dll
0x00007ffd7b600000 - 0x00007ffd7b69e000 	C:\Windows\System32\msvcrt.dll
0x00007ffd7b550000 - 0x00007ffd7b5ff000 	C:\Windows\System32\ADVAPI32.dll
0x00007ffd7b0d0000 - 0x00007ffd7b16c000 	C:\Windows\System32\sechost.dll
0x00007ffd7aa30000 - 0x00007ffd7ab56000 	C:\Windows\System32\RPCRT4.dll
0x00007ffd66600000 - 0x00007ffd6660b000 	C:\Windows\system32\FLTLIB.DLL
0x00007ffd7bb70000 - 0x00007ffd7bba0000 	C:\Windows\System32\IMM32.DLL
0x00007ffd6ead0000 - 0x00007ffd6eadc000 	C:\Users\hieu.vu4_onemount\.jdks\openjdk-17.0.1\bin\vcruntime140_1.dll
0x00007ffd45940000 - 0x00007ffd459cd000 	C:\Users\hieu.vu4_onemount\.jdks\openjdk-17.0.1\bin\msvcp140.dll
0x00007ffd19890000 - 0x00007ffd1a44e000 	C:\Users\hieu.vu4_onemount\.jdks\openjdk-17.0.1\bin\server\jvm.dll
0x00007ffd7bf00000 - 0x00007ffd7bf08000 	C:\Windows\System32\PSAPI.DLL
0x00007ffd0da60000 - 0x00007ffd0da69000 	C:\Windows\SYSTEM32\WSOCK32.dll
0x00007ffd7b060000 - 0x00007ffd7b0cb000 	C:\Windows\System32\WS2_32.dll
0x00007ffd64450000 - 0x00007ffd64477000 	C:\Windows\SYSTEM32\WINMM.dll
0x00007ffd6ed00000 - 0x00007ffd6ed0a000 	C:\Windows\SYSTEM32\VERSION.dll
0x00007ffd77ef0000 - 0x00007ffd77f02000 	C:\Windows\SYSTEM32\kernel.appcore.dll
0x00007ffd591f0000 - 0x00007ffd591fa000 	C:\Users\hieu.vu4_onemount\.jdks\openjdk-17.0.1\bin\jimage.dll
0x00007ffd77ca0000 - 0x00007ffd77e84000 	C:\Windows\SYSTEM32\DBGHELP.DLL
0x00007ffd519a0000 - 0x00007ffd519d4000 	C:\Windows\SYSTEM32\dbgcore.DLL
0x00007ffd79ba0000 - 0x00007ffd79c22000 	C:\Windows\System32\bcryptPrimitives.dll
0x00007ffd59360000 - 0x00007ffd5936e000 	C:\Users\hieu.vu4_onemount\.jdks\openjdk-17.0.1\bin\instrument.dll
0x00007ffd550d0000 - 0x00007ffd550f5000 	C:\Users\hieu.vu4_onemount\.jdks\openjdk-17.0.1\bin\java.dll

dbghelp: loaded successfully - version: 4.0.5 - missing functions: none
symbol engine: initialized successfully - sym options: 0x614 - pdb path: .;C:\Users\hieu.vu4_onemount\.jdks\openjdk-17.0.1\bin;C:\Windows\SYSTEM32;C:\Windows\WinSxS\amd64_microsoft.windows.common-controls_6595b64144ccf1df_6.0.19041.1110_none_60b5254171f9507e;C:\Users\hieu.vu4_onemount\.jdks\openjdk-17.0.1\bin\server

VM Arguments:
jvm_args: -javaagent:C:\Program Files\JetBrains\IntelliJ IDEA 2023.1.3\lib\idea_rt.jar=63198:C:\Program Files\JetBrains\IntelliJ IDEA 2023.1.3\bin -Dfile.encoding=UTF-8 
java_command: com.example.leetcode.validparentheses.ValidParentheses
java_class_path (initial): C:\Users\hieu.vu4_onemount\Desktop\FrameWork\OneMount\LeetCode\target\classes;C:\Users\hieu.vu4_onemount\.m2\repository\org\springframework\boot\spring-boot-starter\2.7.0\spring-boot-starter-2.7.0.jar;C:\Users\hieu.vu4_onemount\.m2\repository\org\springframework\boot\spring-boot\2.7.0\spring-boot-2.7.0.jar;C:\Users\hieu.vu4_onemount\.m2\repository\org\springframework\spring-context\5.3.20\spring-context-5.3.20.jar;C:\Users\hieu.vu4_onemount\.m2\repository\org\springframework\spring-aop\5.3.20\spring-aop-5.3.20.jar;C:\Users\hieu.vu4_onemount\.m2\repository\org\springframework\spring-beans\5.3.20\spring-beans-5.3.20.jar;C:\Users\hieu.vu4_onemount\.m2\repository\org\springframework\spring-expression\5.3.20\spring-expression-5.3.20.jar;C:\Users\hieu.vu4_onemount\.m2\repository\org\springframework\boot\spring-boot-autoconfigure\2.7.0\spring-boot-autoconfigure-2.7.0.jar;C:\Users\hieu.vu4_onemount\.m2\repository\org\springframework\boot\spring-boot-starter-logging\2.7.0\spring-boot-starter-logging-2.7.0.jar;C:\Users\hieu.vu4_onemount\.m2\repository\ch\qos\logback\logback-classic\1.2.11\logback-classic-1.2.11.jar;C:\Users\hieu.vu4_onemount\.m2\repository\ch\qos\logback\logback-core\1.2.11\logback-core-1.2.11.jar;C:\Users\hieu.vu4_onemount\.m2\repository\org\apache\logging\log4j\log4j-to-slf4j\2.17.2\log4j-to-slf4j-2.17.2.jar;C:\Users\hieu.vu4_onemount\.m2\repository\org\apache\logging\log4j\log4j-api\2.17.2\log4j-api-2.17.2.jar;C:\Users\hieu.vu4_onemount\.m2\repository\org\slf4j\jul-to-slf4j\1.7.36\jul-to-slf4j-1.7.36.jar;C:\Users\hieu.vu4_onemount\.m2\repository\jakarta\annotation\jakarta.annotation-api\1.3.5\jakarta.annotation-api-1.3.5.jar;C:\Users\hieu.vu4_onemount\.m2\repository\org\springframework\spring-core\5.3.20\spring-core-5.3.20.jar;C:\Users\hieu.vu4_onemount\.m2\repository\org\springframework\spring-jcl\5.3.20\spring-jcl-5.3.20.jar;C:\Users\hieu.vu4_onemount\.m2\repository\org\yaml\snakeyaml\1.30\snakeyaml-1.30.jar;C:\Users\hieu.vu4
Launcher Type: SUN_STANDARD

[Global flags]
     intx CICompilerCount                          = 4                                         {product} {ergonomic}
     uint ConcGCThreads                            = 2                                         {product} {ergonomic}
     uint G1ConcRefinementThreads                  = 8                                         {product} {ergonomic}
   size_t G1HeapRegionSize                         = 4194304                                   {product} {ergonomic}
    uintx GCDrainStackTargetSize                   = 64                                        {product} {ergonomic}
   size_t InitialHeapSize                          = 532676608                                 {product} {ergonomic}
   size_t MarkStackSize                            = 4194304                                   {product} {ergonomic}
   size_t MaxHeapSize                              = 8510242816                                {product} {ergonomic}
   size_t MinHeapDeltaBytes                        = 4194304                                   {product} {ergonomic}
   size_t MinHeapSize                              = 8388608                                   {product} {ergonomic}
    uintx NonNMethodCodeHeapSize                   = 5839372                                {pd product} {ergonomic}
    uintx NonProfiledCodeHeapSize                  = 122909434                              {pd product} {ergonomic}
    uintx ProfiledCodeHeapSize                     = 122909434                              {pd product} {ergonomic}
    uintx ReservedCodeCacheSize                    = 251658240                              {pd product} {ergonomic}
     bool SegmentedCodeCache                       = true                                      {product} {ergonomic}
   size_t SoftMaxHeapSize                          = 8510242816                             {manageable} {ergonomic}
     bool UseCompressedClassPointers               = true                           {product lp64_product} {ergonomic}
     bool UseCompressedOops                        = true                           {product lp64_product} {ergonomic}
     bool UseG1GC                                  = true                                      {product} {ergonomic}
     bool UseLargePagesIndividualAllocation        = false                                  {pd product} {ergonomic}

Logging:
Log output configuration:
 #0: stdout all=warning uptime,level,tags
 #1: stderr all=off uptime,level,tags

Environment Variables:
JAVA_HOME=C:\Program Files\Java\jdk-11.0.11
PATH=C:\Program Files\Common Files\Oracle\Java\javapath;C:\Windows\system32;C:\Windows;C:\Windows\System32\Wbem;C:\Windows\System32\WindowsPowerShell\v1.0\;C:\Windows\System32\OpenSSH\;C:\Program Files\Docker\Docker\resources\bin;C:\ProgramData\DockerDesktop\version-bin;C:\Program Files\nodejs\;C:\Users\hieu.vu4_onemount\AppData\Local\Microsoft\WindowsApps;C:\Users\hieu.vu4_onemount\AppData\Local\Programs\Git\cmd;C:\Users\hieu.vu4_onemount\AppData\Local\Google\Cloud SDK\google-cloud-sdk\bin;C:\Users\hieu.vu4_onemount\AppData\Roaming\npm;C:\apache-maven-3.8.5-bin\apache-maven-3.8.5\bin;
USERNAME=hieu.vu4_onemount
OS=Windows_NT
PROCESSOR_IDENTIFIER=Intel64 Family 6 Model 140 Stepping 1, GenuineIntel



---------------  S Y S T E M  ---------------

OS:
 Windows 10 , 64 bit Build 19041 (10.0.19041.3031)
OS uptime: 8 days 6:56 hours
Hyper-V role detected

CPU: total 8 (initial active 8) (4 cores per cpu, 2 threads per core) family 6 model 140 stepping 1 microcode 0x8a, cx8, cmov, fxsr, ht, mmx, 3dnowpref, sse, sse2, sse3, ssse3, sse4.1, sse4.2, popcnt, lzcnt, tsc, tscinvbit, avx, avx2, aes, erms, clmul, bmi1, bmi2, adx, avx512f, avx512dq, avx512cd, avx512bw, avx512vl, sha, fma, vzeroupper, avx512_vpopcntdq, avx512_vpclmulqdq, avx512_vaes, avx512_vnni, clflush, clflushopt, clwb, avx512_vbmi2, avx512_vbmi, hv

Memory: 4k page, system-wide physical 32448M (3895M free)
TotalPageFile size 32448M (AvailPageFile size 418M)
current process WorkingSet (physical memory assigned to process): 13M, peak: 13M
current process commit charge ("private bytes"): 61M, peak: 569M

vm_info: OpenJDK 64-Bit Server VM (17.0.1+12-39) for windows-amd64 JRE (17.0.1+12-39), built on Sep 27 2021 18:39:29 by "mach5one" with MS VC++ 16.8 (VS2019)

END.
